#include<sys/types.h>
#include<sys/socket.h>
#include<stdio.h>
#include<netinet/in.h>
#include<unistd.h>
#include<arpa/inet.h>

  main()
{

 int sockfd,servlen,marks1,marks2,marks3,percentage;
struct sockaddr_in sa;

char division[20];

 sockfd=socket(AF_INET,SOCK_DGRAM,0);

  sa.sin_family=AF_INET;

  sa.sin_port=htons(6500);

  sa.sin_addr.s_addr=inet_addr("10.2.0.7");
 
servlen=sizeof(sa);
 
printf("enter the marks of all subjects \n");
scanf("%d",&marks1);
printf("second subject \n");
scanf("%d",&marks2);
printf("third subject \n");
scanf("%d",&marks3);

   sendto(sockfd,(int *)&marks1,sizeof(marks1),0,(struct sockaddr *)&sa,servlen);
   sendto(sockfd,(int *)&marks2,sizeof(marks2),0,(struct sockaddr *)&sa,servlen);
   sendto(sockfd,(int *)&marks3,sizeof(marks3),0,(struct sockaddr *)&sa,servlen);

  // recvfrom(sockfd,(int *)&percentage,sizeof(percentage),0,(struct sockaddr *)&sa,&servlen);
	
   recvfrom(sockfd,division,sizeof(division),0,(struct sockaddr *)&sa,&servlen);
   printf("Result is %s \n",division);
  close(sockfd);

 }


 
